0 info it worked if it ends with ok
1 verbose cli [ '/usr/local/Cellar/node/7.0.0/bin/node',
1 verbose cli   '/usr/local/bin/npm',
1 verbose cli   'run',
1 verbose cli   'compile' ]
2 info using npm@3.10.8
3 info using node@v7.0.0
4 verbose run-script [ 'precompile', 'compile', 'postcompile' ]
5 info lifecycle npm_task1@1.0.0~precompile: npm_task1@1.0.0
6 silly lifecycle npm_task1@1.0.0~precompile: no script for precompile, continuing
7 info lifecycle npm_task1@1.0.0~compile: npm_task1@1.0.0
8 verbose lifecycle npm_task1@1.0.0~compile: unsafe-perm in lifecycle true
9 verbose lifecycle npm_task1@1.0.0~compile: PATH: /usr/local/lib/node_modules/npm/bin/node-gyp-bin:/Users/aksana_tolstoguzova/Desktop/Node.js/repos/task1/npm_task1/node_modules/.bin:/usr/local/lib/node_modules/npm/bin/node-gyp-bin:/Users/aksana_tolstoguzova/Desktop/Node.js/repos/task1/npm_task1/node_modules/.bin:/usr/local/Cellar/node/7.0.0/bin:/usr/local/bin:/usr/bin:/bin:/usr/sbin:/sbin
10 verbose lifecycle npm_task1@1.0.0~compile: CWD: /Users/aksana_tolstoguzova/Desktop/Node.js/repos/task1/npm_task1
11 silly lifecycle npm_task1@1.0.0~compile: Args: [ '-c', 'babel-node index.js' ]
12 silly lifecycle npm_task1@1.0.0~compile: Returned: code: 1  signal: null
13 info lifecycle npm_task1@1.0.0~compile: Failed to exec compile script
14 verbose stack Error: npm_task1@1.0.0 compile: `babel-node index.js`
14 verbose stack Exit status 1
14 verbose stack     at EventEmitter.<anonymous> (/usr/local/lib/node_modules/npm/lib/utils/lifecycle.js:255:16)
14 verbose stack     at emitTwo (events.js:106:13)
14 verbose stack     at EventEmitter.emit (events.js:191:7)
14 verbose stack     at ChildProcess.<anonymous> (/usr/local/lib/node_modules/npm/lib/utils/spawn.js:40:14)
14 verbose stack     at emitTwo (events.js:106:13)
14 verbose stack     at ChildProcess.emit (events.js:191:7)
14 verbose stack     at maybeClose (internal/child_process.js:877:16)
14 verbose stack     at Process.ChildProcess._handle.onexit (internal/child_process.js:226:5)
15 verbose pkgid npm_task1@1.0.0
16 verbose cwd /Users/aksana_tolstoguzova/Desktop/Node.js/repos/task1/npm_task1
17 error Darwin 16.7.0
18 error argv "/usr/local/Cellar/node/7.0.0/bin/node" "/usr/local/bin/npm" "run" "compile"
19 error node v7.0.0
20 error npm  v3.10.8
21 error code ELIFECYCLE
22 error npm_task1@1.0.0 compile: `babel-node index.js`
22 error Exit status 1
23 error Failed at the npm_task1@1.0.0 compile script 'babel-node index.js'.
23 error Make sure you have the latest version of node.js and npm installed.
23 error If you do, this is most likely a problem with the npm_task1 package,
23 error not with npm itself.
23 error Tell the author that this fails on your system:
23 error     babel-node index.js
23 error You can get information on how to open an issue for this project with:
23 error     npm bugs npm_task1
23 error Or if that isn't available, you can get their info via:
23 error     npm owner ls npm_task1
23 error There is likely additional logging output above.
24 verbose exit [ 1, true ]
